10:14:22 PM  [main] 	Initializing Control Panel
10:14:22 PM  [main] 	Windows Version:  Enterprise  64-bit
10:14:22 PM  [main] 	XAMPP Version: 5.6.36
10:14:22 PM  [main] 	Control Panel Version: 3.2.2  [ Compiled: Nov 12th 2015 ]
10:14:22 PM  [main] 	You are not running with administrator rights! This will work for
10:14:22 PM  [main] 	most application stuff but whenever you do something with services
10:14:22 PM  [main] 	there will be a security dialogue or things will break! So think 
10:14:22 PM  [main] 	about running this application with administrator rights!
10:14:22 PM  [main] 	XAMPP Installation Directory: "c:\xampp\"
10:14:22 PM  [main] 	Checking for prerequisites
10:14:23 PM  [main] 	All prerequisites found
10:14:23 PM  [main] 	Initializing Modules
10:14:23 PM  [main] 	The FileZilla module is disabled
10:14:23 PM  [main] 	The Mercury module is disabled
10:14:23 PM  [main] 	The Tomcat module is disabled
10:14:23 PM  [main] 	Starting Check-Timer
10:14:23 PM  [main] 	Control Panel Ready
10:15:19 PM  [main] 	Executing "c:\xampp\"
10:32:48 PM  [Apache] 	Attempting to start Apache app...
10:32:48 PM  [Apache] 	Status change detected: running
1:15:55 AM  [main] 	Deinitializing Modules
1:15:55 AM  [main] 	Deinitializing Control Panel

9:20:31 AM  [main] 	Initializing Control Panel
9:20:31 AM  [main] 	Windows Version:  Enterprise  64-bit
9:20:31 AM  [main] 	XAMPP Version: 5.6.36
9:20:31 AM  [main] 	Control Panel Version: 3.2.2  [ Compiled: Nov 12th 2015 ]
9:20:31 AM  [main] 	You are not running with administrator rights! This will work for
9:20:31 AM  [main] 	most application stuff but whenever you do something with services
9:20:31 AM  [main] 	there will be a security dialogue or things will break! So think 
9:20:31 AM  [main] 	about running this application with administrator rights!
9:20:31 AM  [main] 	XAMPP Installation Directory: "c:\xampp\"
9:20:31 AM  [main] 	Checking for prerequisites
9:20:32 AM  [main] 	All prerequisites found
9:20:32 AM  [main] 	Initializing Modules
9:20:32 AM  [main] 	The FileZilla module is disabled
9:20:32 AM  [main] 	The Mercury module is disabled
9:20:32 AM  [main] 	The Tomcat module is disabled
9:20:32 AM  [main] 	Starting Check-Timer
9:20:32 AM  [main] 	Control Panel Ready
9:20:34 AM  [Apache] 	Attempting to start Apache app...
9:20:34 AM  [Apache] 	Status change detected: running
9:39:27 AM  [main] 	Deinitializing Modules
9:39:27 AM  [main] 	Deinitializing Control Panel

9:40:45 AM  [main] 	Initializing Control Panel
9:40:45 AM  [main] 	Windows Version:  Enterprise  64-bit
9:40:45 AM  [main] 	XAMPP Version: 5.6.36
9:40:45 AM  [main] 	Control Panel Version: 3.2.2  [ Compiled: Nov 12th 2015 ]
9:40:45 AM  [main] 	You are not running with administrator rights! This will work for
9:40:45 AM  [main] 	most application stuff but whenever you do something with services
9:40:45 AM  [main] 	there will be a security dialogue or things will break! So think 
9:40:45 AM  [main] 	about running this application with administrator rights!
9:40:45 AM  [main] 	XAMPP Installation Directory: "c:\xampp\"
9:40:45 AM  [main] 	Checking for prerequisites
9:40:45 AM  [main] 	All prerequisites found
9:40:45 AM  [main] 	Initializing Modules
9:40:45 AM  [main] 	The FileZilla module is disabled
9:40:45 AM  [main] 	The Mercury module is disabled
9:40:45 AM  [main] 	The Tomcat module is disabled
9:40:45 AM  [main] 	Starting Check-Timer
9:40:45 AM  [main] 	Control Panel Ready
9:40:50 AM  [Apache] 	Attempting to start Apache app...
9:40:50 AM  [Apache] 	Status change detected: running
4:10:17 PM  [main] 	Deinitializing Modules
4:10:17 PM  [main] 	Deinitializing Control Panel

4:32:36 PM  [main] 	Initializing Control Panel
4:32:36 PM  [main] 	Windows Version:  Enterprise  64-bit
4:32:36 PM  [main] 	XAMPP Version: 5.6.36
4:32:36 PM  [main] 	Control Panel Version: 3.2.2  [ Compiled: Nov 12th 2015 ]
4:32:36 PM  [main] 	You are not running with administrator rights! This will work for
4:32:36 PM  [main] 	most application stuff but whenever you do something with services
4:32:36 PM  [main] 	there will be a security dialogue or things will break! So think 
4:32:36 PM  [main] 	about running this application with administrator rights!
4:32:36 PM  [main] 	XAMPP Installation Directory: "c:\xampp\"
4:32:36 PM  [main] 	Checking for prerequisites
4:32:37 PM  [main] 	All prerequisites found
4:32:37 PM  [main] 	Initializing Modules
4:32:37 PM  [main] 	The FileZilla module is disabled
4:32:37 PM  [main] 	The Mercury module is disabled
4:32:37 PM  [main] 	The Tomcat module is disabled
4:32:37 PM  [main] 	Starting Check-Timer
4:32:37 PM  [main] 	Control Panel Ready
4:32:38 PM  [Apache] 	Attempting to start Apache app...
4:32:39 PM  [Apache] 	Status change detected: running
5:31:15 PM  [main] 	Deinitializing Modules
5:31:15 PM  [main] 	Deinitializing Control Panel

9:34:52 PM  [main] 	Initializing Control Panel
9:34:52 PM  [main] 	Windows Version:  Enterprise  64-bit
9:34:52 PM  [main] 	XAMPP Version: 5.6.36
9:34:52 PM  [main] 	Control Panel Version: 3.2.2  [ Compiled: Nov 12th 2015 ]
9:34:52 PM  [main] 	You are not running with administrator rights! This will work for
9:34:52 PM  [main] 	most application stuff but whenever you do something with services
9:34:52 PM  [main] 	there will be a security dialogue or things will break! So think 
9:34:52 PM  [main] 	about running this application with administrator rights!
9:34:52 PM  [main] 	XAMPP Installation Directory: "c:\xampp\"
9:34:52 PM  [main] 	Checking for prerequisites
9:34:53 PM  [main] 	All prerequisites found
9:34:53 PM  [main] 	Initializing Modules
9:34:53 PM  [main] 	The FileZilla module is disabled
9:34:53 PM  [main] 	The Mercury module is disabled
9:34:53 PM  [main] 	The Tomcat module is disabled
9:34:53 PM  [main] 	Starting Check-Timer
9:34:53 PM  [main] 	Control Panel Ready
9:35:50 PM  [main] 	Deinitializing Modules
9:35:50 PM  [main] 	Deinitializing Control Panel

9:36:46 PM  [main] 	Initializing Control Panel
9:36:46 PM  [main] 	Windows Version:  Enterprise  64-bit
9:36:46 PM  [main] 	XAMPP Version: 5.6.36
9:36:46 PM  [main] 	Control Panel Version: 3.2.2  [ Compiled: Nov 12th 2015 ]
9:36:46 PM  [main] 	You are not running with administrator rights! This will work for
9:36:46 PM  [main] 	most application stuff but whenever you do something with services
9:36:46 PM  [main] 	there will be a security dialogue or things will break! So think 
9:36:46 PM  [main] 	about running this application with administrator rights!
9:36:46 PM  [main] 	XAMPP Installation Directory: "c:\xampp\"
9:36:46 PM  [main] 	Checking for prerequisites
9:36:47 PM  [main] 	All prerequisites found
9:36:47 PM  [main] 	Initializing Modules
9:36:47 PM  [main] 	The FileZilla module is disabled
9:36:47 PM  [main] 	The Mercury module is disabled
9:36:47 PM  [main] 	The Tomcat module is disabled
9:36:47 PM  [main] 	Starting Check-Timer
9:36:47 PM  [main] 	Control Panel Ready
11:14:46 PM  [main] 	Deinitializing Modules
11:14:46 PM  [main] 	Deinitializing Control Panel

9:35:13 AM  [main] 	Initializing Control Panel
9:35:13 AM  [main] 	Windows Version:  Enterprise  64-bit
9:35:13 AM  [main] 	XAMPP Version: 5.6.36
9:35:13 AM  [main] 	Control Panel Version: 3.2.2  [ Compiled: Nov 12th 2015 ]
9:35:13 AM  [main] 	You are not running with administrator rights! This will work for
9:35:13 AM  [main] 	most application stuff but whenever you do something with services
9:35:13 AM  [main] 	there will be a security dialogue or things will break! So think 
9:35:13 AM  [main] 	about running this application with administrator rights!
9:35:13 AM  [main] 	XAMPP Installation Directory: "c:\xampp\"
9:35:13 AM  [main] 	Checking for prerequisites
9:35:14 AM  [main] 	All prerequisites found
9:35:14 AM  [main] 	Initializing Modules
9:35:14 AM  [main] 	The FileZilla module is disabled
9:35:14 AM  [main] 	The Mercury module is disabled
9:35:14 AM  [main] 	The Tomcat module is disabled
9:35:14 AM  [main] 	Starting Check-Timer
9:35:14 AM  [main] 	Control Panel Ready
9:35:15 AM  [Apache] 	Attempting to start Apache app...
9:35:15 AM  [Apache] 	Status change detected: running
10:09:21 AM  [main] 	Deinitializing Modules
10:09:21 AM  [main] 	Deinitializing Control Panel

10:14:19 AM  [main] 	Initializing Control Panel
10:14:19 AM  [main] 	Windows Version:  Enterprise  64-bit
10:14:19 AM  [main] 	XAMPP Version: 5.6.36
10:14:19 AM  [main] 	Control Panel Version: 3.2.2  [ Compiled: Nov 12th 2015 ]
10:14:19 AM  [main] 	You are not running with administrator rights! This will work for
10:14:19 AM  [main] 	most application stuff but whenever you do something with services
10:14:19 AM  [main] 	there will be a security dialogue or things will break! So think 
10:14:19 AM  [main] 	about running this application with administrator rights!
10:14:19 AM  [main] 	XAMPP Installation Directory: "c:\xampp\"
10:14:19 AM  [main] 	Checking for prerequisites
10:14:19 AM  [main] 	All prerequisites found
10:14:19 AM  [main] 	Initializing Modules
10:14:19 AM  [main] 	The FileZilla module is disabled
10:14:19 AM  [main] 	The Mercury module is disabled
10:14:19 AM  [main] 	The Tomcat module is disabled
10:14:19 AM  [main] 	Starting Check-Timer
10:14:19 AM  [main] 	Control Panel Ready
10:14:21 AM  [Apache] 	Attempting to start Apache app...
10:14:21 AM  [Apache] 	Status change detected: running
9:56:25 AM  [main] 	Deinitializing Modules
9:56:25 AM  [main] 	Deinitializing Control Panel

4:18:58 PM  [main] 	Initializing Control Panel
4:18:58 PM  [main] 	Windows Version:  Enterprise  64-bit
4:18:58 PM  [main] 	XAMPP Version: 5.6.36
4:18:58 PM  [main] 	Control Panel Version: 3.2.2  [ Compiled: Nov 12th 2015 ]
4:18:58 PM  [main] 	You are not running with administrator rights! This will work for
4:18:58 PM  [main] 	most application stuff but whenever you do something with services
4:18:58 PM  [main] 	there will be a security dialogue or things will break! So think 
4:18:58 PM  [main] 	about running this application with administrator rights!
4:18:58 PM  [main] 	XAMPP Installation Directory: "c:\xampp\"
4:18:58 PM  [main] 	Checking for prerequisites
4:18:58 PM  [main] 	All prerequisites found
4:18:58 PM  [main] 	Initializing Modules
4:18:58 PM  [main] 	The FileZilla module is disabled
4:18:58 PM  [main] 	The Mercury module is disabled
4:18:58 PM  [main] 	The Tomcat module is disabled
4:18:58 PM  [main] 	Starting Check-Timer
4:18:58 PM  [main] 	Control Panel Ready
4:19:22 PM  [mysql] 	Attempting to start MySQL app...
4:19:23 PM  [mysql] 	Status change detected: running
11:06:38 PM  [main] 	Deinitializing Modules
11:06:38 PM  [main] 	Deinitializing Control Panel

11:04:26 AM  [main] 	Initializing Control Panel
11:04:26 AM  [main] 	Windows Version:  Enterprise  64-bit
11:04:26 AM  [main] 	XAMPP Version: 5.6.36
11:04:26 AM  [main] 	Control Panel Version: 3.2.2  [ Compiled: Nov 12th 2015 ]
11:04:26 AM  [main] 	You are not running with administrator rights! This will work for
11:04:26 AM  [main] 	most application stuff but whenever you do something with services
11:04:26 AM  [main] 	there will be a security dialogue or things will break! So think 
11:04:26 AM  [main] 	about running this application with administrator rights!
11:04:26 AM  [main] 	XAMPP Installation Directory: "c:\xampp\"
11:04:26 AM  [main] 	Checking for prerequisites
11:04:27 AM  [main] 	All prerequisites found
11:04:27 AM  [main] 	Initializing Modules
11:04:27 AM  [main] 	The FileZilla module is disabled
11:04:27 AM  [main] 	The Mercury module is disabled
11:04:27 AM  [main] 	The Tomcat module is disabled
11:04:27 AM  [main] 	Starting Check-Timer
11:04:27 AM  [main] 	Control Panel Ready
11:04:35 AM  [Apache] 	Attempting to start Apache app...
11:04:35 AM  [Apache] 	Status change detected: running
2:16:16 PM  [main] 	Deinitializing Modules
2:16:16 PM  [main] 	Deinitializing Control Panel

3:15:02 PM  [main] 	Initializing Control Panel
3:15:02 PM  [main] 	Windows Version:  Enterprise  64-bit
3:15:02 PM  [main] 	XAMPP Version: 5.6.36
3:15:02 PM  [main] 	Control Panel Version: 3.2.2  [ Compiled: Nov 12th 2015 ]
3:15:02 PM  [main] 	You are not running with administrator rights! This will work for
3:15:02 PM  [main] 	most application stuff but whenever you do something with services
3:15:02 PM  [main] 	there will be a security dialogue or things will break! So think 
3:15:02 PM  [main] 	about running this application with administrator rights!
3:15:02 PM  [main] 	XAMPP Installation Directory: "c:\xampp\"
3:15:02 PM  [main] 	Checking for prerequisites
3:15:10 PM  [main] 	All prerequisites found
3:15:10 PM  [main] 	Initializing Modules
3:15:10 PM  [Apache] 	Problem detected!
3:15:10 PM  [Apache] 	Port 80 in use by "Unable to open process" with PID 4!
3:15:10 PM  [Apache] 	Apache WILL NOT start without the configured ports free!
3:15:10 PM  [Apache] 	You need to uninstall/disable/reconfigure the blocking application
3:15:10 PM  [Apache] 	or reconfigure Apache and the Control Panel to listen on a different port
3:15:10 PM  [main] 	The FileZilla module is disabled
3:15:10 PM  [main] 	The Mercury module is disabled
3:15:10 PM  [main] 	The Tomcat module is disabled
3:15:10 PM  [main] 	Starting Check-Timer
3:15:10 PM  [main] 	Control Panel Ready
3:15:13 PM  [Apache] 	Problem detected!
3:15:13 PM  [Apache] 	Port 80 in use by "Unable to open process" with PID 4!
3:15:13 PM  [Apache] 	Apache WILL NOT start without the configured ports free!
3:15:13 PM  [Apache] 	You need to uninstall/disable/reconfigure the blocking application
3:15:13 PM  [Apache] 	or reconfigure Apache and the Control Panel to listen on a different port
3:15:13 PM  [Apache] 	Attempting to start Apache app...
3:15:13 PM  [Apache] 	Status change detected: running
3:15:21 PM  [Apache] 	Status change detected: stopped
3:15:21 PM  [Apache] 	Error: Apache shutdown unexpectedly.
3:15:21 PM  [Apache] 	This may be due to a blocked port, missing dependencies, 
3:15:21 PM  [Apache] 	improper privileges, a crash, or a shutdown by another method.
3:15:21 PM  [Apache] 	Press the Logs button to view error logs and check
3:15:21 PM  [Apache] 	the Windows Event Viewer for more clues
3:15:21 PM  [Apache] 	If you need more help, copy and post this
3:15:21 PM  [Apache] 	entire log window on the forums
3:16:10 PM  [Apache] 	Problem detected!
3:16:10 PM  [Apache] 	Port 80 in use by "Unable to open process" with PID 4!
3:16:10 PM  [Apache] 	Apache WILL NOT start without the configured ports free!
3:16:10 PM  [Apache] 	You need to uninstall/disable/reconfigure the blocking application
3:16:10 PM  [Apache] 	or reconfigure Apache and the Control Panel to listen on a different port
3:16:10 PM  [Apache] 	Attempting to start Apache app...
3:16:10 PM  [Apache] 	Status change detected: running
5:39:02 PM  [Apache] 	Attempting to stop Apache (PID: 196)
5:39:02 PM  [Apache] 	Attempting to stop Apache (PID: 7960)
5:39:02 PM  [Apache] 	Status change detected: stopped
5:39:05 PM  [main] 	Deinitializing Modules
5:39:05 PM  [main] 	Deinitializing Control Panel

10:12:56 AM  [main] 	Initializing Control Panel
10:12:56 AM  [main] 	Windows Version:  Enterprise  64-bit
10:12:56 AM  [main] 	XAMPP Version: 5.6.36
10:12:56 AM  [main] 	Control Panel Version: 3.2.2  [ Compiled: Nov 12th 2015 ]
10:12:56 AM  [main] 	You are not running with administrator rights! This will work for
10:12:56 AM  [main] 	most application stuff but whenever you do something with services
10:12:56 AM  [main] 	there will be a security dialogue or things will break! So think 
10:12:56 AM  [main] 	about running this application with administrator rights!
10:12:56 AM  [main] 	XAMPP Installation Directory: "c:\xampp\"
10:12:56 AM  [main] 	Checking for prerequisites
10:12:57 AM  [main] 	All prerequisites found
10:12:57 AM  [main] 	Initializing Modules
10:12:57 AM  [Apache] 	Problem detected!
10:12:57 AM  [Apache] 	Port 80 in use by "Unable to open process" with PID 4!
10:12:57 AM  [Apache] 	Apache WILL NOT start without the configured ports free!
10:12:57 AM  [Apache] 	You need to uninstall/disable/reconfigure the blocking application
10:12:57 AM  [Apache] 	or reconfigure Apache and the Control Panel to listen on a different port
10:12:57 AM  [main] 	The FileZilla module is disabled
10:12:57 AM  [main] 	The Mercury module is disabled
10:12:57 AM  [main] 	The Tomcat module is disabled
10:12:57 AM  [main] 	Starting Check-Timer
10:12:57 AM  [main] 	Control Panel Ready
10:12:59 AM  [Apache] 	Problem detected!
10:12:59 AM  [Apache] 	Port 80 in use by "Unable to open process" with PID 4!
10:12:59 AM  [Apache] 	Apache WILL NOT start without the configured ports free!
10:12:59 AM  [Apache] 	You need to uninstall/disable/reconfigure the blocking application
10:12:59 AM  [Apache] 	or reconfigure Apache and the Control Panel to listen on a different port
10:12:59 AM  [Apache] 	Attempting to start Apache app...
10:12:59 AM  [Apache] 	Status change detected: running
3:16:00 PM  [Apache] 	Attempting to stop Apache (PID: 12616)
3:16:00 PM  [Apache] 	Attempting to stop Apache (PID: 4592)
3:16:00 PM  [Apache] 	Status change detected: stopped
3:16:01 PM  [Apache] 	Problem detected!
3:16:01 PM  [Apache] 	Port 80 in use by "Unable to open process" with PID 4!
3:16:01 PM  [Apache] 	Apache WILL NOT start without the configured ports free!
3:16:01 PM  [Apache] 	You need to uninstall/disable/reconfigure the blocking application
3:16:01 PM  [Apache] 	or reconfigure Apache and the Control Panel to listen on a different port
3:16:01 PM  [Apache] 	Attempting to start Apache app...
3:16:01 PM  [Apache] 	Status change detected: running
3:17:08 PM  [Apache] 	Attempting to stop Apache (PID: 16112)
3:17:08 PM  [Apache] 	Attempting to stop Apache (PID: 16900)
3:17:08 PM  [Apache] 	Status change detected: stopped
3:17:10 PM  [Apache] 	Problem detected!
3:17:10 PM  [Apache] 	Port 80 in use by "Unable to open process" with PID 4!
3:17:10 PM  [Apache] 	Apache WILL NOT start without the configured ports free!
3:17:10 PM  [Apache] 	You need to uninstall/disable/reconfigure the blocking application
3:17:10 PM  [Apache] 	or reconfigure Apache and the Control Panel to listen on a different port
3:17:10 PM  [Apache] 	Attempting to start Apache app...
3:17:10 PM  [Apache] 	Status change detected: running
5:36:36 PM  [Apache] 	Attempting to stop Apache (PID: 10024)
5:36:36 PM  [Apache] 	Attempting to stop Apache (PID: 12252)
5:36:36 PM  [Apache] 	Status change detected: stopped
5:37:05 PM  [main] 	Deinitializing Modules
5:37:05 PM  [main] 	Deinitializing Control Panel

9:05:52 AM  [main] 	Initializing Control Panel
9:05:52 AM  [main] 	Windows Version:  Enterprise  64-bit
9:05:52 AM  [main] 	XAMPP Version: 5.6.36
9:05:52 AM  [main] 	Control Panel Version: 3.2.2  [ Compiled: Nov 12th 2015 ]
9:05:52 AM  [main] 	You are not running with administrator rights! This will work for
9:05:52 AM  [main] 	most application stuff but whenever you do something with services
9:05:52 AM  [main] 	there will be a security dialogue or things will break! So think 
9:05:52 AM  [main] 	about running this application with administrator rights!
9:05:52 AM  [main] 	XAMPP Installation Directory: "c:\xampp\"
9:05:52 AM  [main] 	Checking for prerequisites
9:05:53 AM  [main] 	All prerequisites found
9:05:53 AM  [main] 	Initializing Modules
9:05:53 AM  [Apache] 	Problem detected!
9:05:53 AM  [Apache] 	Port 80 in use by "Unable to open process" with PID 4!
9:05:53 AM  [Apache] 	Apache WILL NOT start without the configured ports free!
9:05:53 AM  [Apache] 	You need to uninstall/disable/reconfigure the blocking application
9:05:53 AM  [Apache] 	or reconfigure Apache and the Control Panel to listen on a different port
9:05:53 AM  [main] 	The FileZilla module is disabled
9:05:53 AM  [main] 	The Mercury module is disabled
9:05:53 AM  [main] 	The Tomcat module is disabled
9:05:53 AM  [main] 	Starting Check-Timer
9:05:53 AM  [main] 	Control Panel Ready
9:05:55 AM  [Apache] 	Problem detected!
9:05:55 AM  [Apache] 	Port 80 in use by "Unable to open process" with PID 4!
9:05:55 AM  [Apache] 	Apache WILL NOT start without the configured ports free!
9:05:55 AM  [Apache] 	You need to uninstall/disable/reconfigure the blocking application
9:05:55 AM  [Apache] 	or reconfigure Apache and the Control Panel to listen on a different port
9:05:55 AM  [Apache] 	Attempting to start Apache app...
9:05:55 AM  [Apache] 	Status change detected: running
5:30:33 PM  [main] 	Deinitializing Modules
5:30:33 PM  [main] 	Deinitializing Control Panel

5:30:53 PM  [main] 	Initializing Control Panel
5:30:53 PM  [main] 	Windows Version:  Enterprise  64-bit
5:30:53 PM  [main] 	XAMPP Version: 5.6.36
5:30:53 PM  [main] 	Control Panel Version: 3.2.2  [ Compiled: Nov 12th 2015 ]
5:30:53 PM  [main] 	You are not running with administrator rights! This will work for
5:30:53 PM  [main] 	most application stuff but whenever you do something with services
5:30:53 PM  [main] 	there will be a security dialogue or things will break! So think 
5:30:53 PM  [main] 	about running this application with administrator rights!
5:30:53 PM  [main] 	XAMPP Installation Directory: "c:\xampp\"
5:30:53 PM  [main] 	Checking for prerequisites
5:30:53 PM  [main] 	All prerequisites found
5:30:53 PM  [main] 	Initializing Modules
5:30:53 PM  [Apache] 	Problem detected!
5:30:53 PM  [Apache] 	Port 80 in use by "Unable to open process" with PID 4!
5:30:53 PM  [Apache] 	Apache WILL NOT start without the configured ports free!
5:30:53 PM  [Apache] 	You need to uninstall/disable/reconfigure the blocking application
5:30:53 PM  [Apache] 	or reconfigure Apache and the Control Panel to listen on a different port
5:30:53 PM  [Apache] 	XAMPP Apache is already running on port 443
5:30:53 PM  [main] 	The FileZilla module is disabled
5:30:53 PM  [main] 	The Mercury module is disabled
5:30:53 PM  [main] 	The Tomcat module is disabled
5:30:53 PM  [main] 	Starting Check-Timer
5:30:53 PM  [main] 	Control Panel Ready
5:32:09 PM  [main] 	Deinitializing Modules
5:32:09 PM  [main] 	Deinitializing Control Panel

9:03:11 AM  [main] 	Initializing Control Panel
9:03:11 AM  [main] 	Windows Version:  Enterprise  64-bit
9:03:11 AM  [main] 	XAMPP Version: 5.6.36
9:03:11 AM  [main] 	Control Panel Version: 3.2.2  [ Compiled: Nov 12th 2015 ]
9:03:11 AM  [main] 	You are not running with administrator rights! This will work for
9:03:11 AM  [main] 	most application stuff but whenever you do something with services
9:03:11 AM  [main] 	there will be a security dialogue or things will break! So think 
9:03:11 AM  [main] 	about running this application with administrator rights!
9:03:11 AM  [main] 	XAMPP Installation Directory: "c:\xampp\"
9:03:11 AM  [main] 	Checking for prerequisites
9:03:13 AM  [main] 	All prerequisites found
9:03:13 AM  [main] 	Initializing Modules
9:03:13 AM  [Apache] 	Problem detected!
9:03:13 AM  [Apache] 	Port 80 in use by "Unable to open process" with PID 4!
9:03:13 AM  [Apache] 	Apache WILL NOT start without the configured ports free!
9:03:13 AM  [Apache] 	You need to uninstall/disable/reconfigure the blocking application
9:03:13 AM  [Apache] 	or reconfigure Apache and the Control Panel to listen on a different port
9:03:13 AM  [main] 	The FileZilla module is disabled
9:03:13 AM  [main] 	The Mercury module is disabled
9:03:13 AM  [main] 	The Tomcat module is disabled
9:03:13 AM  [main] 	Starting Check-Timer
9:03:13 AM  [main] 	Control Panel Ready
9:03:14 AM  [Apache] 	Problem detected!
9:03:14 AM  [Apache] 	Port 80 in use by "Unable to open process" with PID 4!
9:03:14 AM  [Apache] 	Apache WILL NOT start without the configured ports free!
9:03:14 AM  [Apache] 	You need to uninstall/disable/reconfigure the blocking application
9:03:14 AM  [Apache] 	or reconfigure Apache and the Control Panel to listen on a different port
9:03:14 AM  [Apache] 	Attempting to start Apache app...
9:03:14 AM  [Apache] 	Status change detected: running
5:00:27 PM  [Apache] 	Attempting to stop Apache (PID: 14888)
5:00:27 PM  [Apache] 	Attempting to stop Apache (PID: 18092)
5:00:27 PM  [Apache] 	Status change detected: stopped
5:00:29 PM  [main] 	Deinitializing Modules
5:00:29 PM  [main] 	Deinitializing Control Panel

9:21:19 AM  [main] 	Initializing Control Panel
9:21:19 AM  [main] 	Windows Version:  Enterprise  64-bit
9:21:19 AM  [main] 	XAMPP Version: 5.6.36
9:21:19 AM  [main] 	Control Panel Version: 3.2.2  [ Compiled: Nov 12th 2015 ]
9:21:19 AM  [main] 	You are not running with administrator rights! This will work for
9:21:19 AM  [main] 	most application stuff but whenever you do something with services
9:21:19 AM  [main] 	there will be a security dialogue or things will break! So think 
9:21:19 AM  [main] 	about running this application with administrator rights!
9:21:19 AM  [main] 	XAMPP Installation Directory: "c:\xampp\"
9:21:19 AM  [main] 	Checking for prerequisites
9:21:23 AM  [main] 	All prerequisites found
9:21:23 AM  [main] 	Initializing Modules
9:21:23 AM  [Apache] 	Problem detected!
9:21:23 AM  [Apache] 	Port 80 in use by "Unable to open process" with PID 4!
9:21:23 AM  [Apache] 	Apache WILL NOT start without the configured ports free!
9:21:23 AM  [Apache] 	You need to uninstall/disable/reconfigure the blocking application
9:21:23 AM  [Apache] 	or reconfigure Apache and the Control Panel to listen on a different port
9:21:23 AM  [main] 	The FileZilla module is disabled
9:21:23 AM  [main] 	The Mercury module is disabled
9:21:23 AM  [main] 	The Tomcat module is disabled
9:21:23 AM  [main] 	Starting Check-Timer
9:21:23 AM  [main] 	Control Panel Ready
9:21:24 AM  [Apache] 	Problem detected!
9:21:24 AM  [Apache] 	Port 80 in use by "Unable to open process" with PID 4!
9:21:24 AM  [Apache] 	Apache WILL NOT start without the configured ports free!
9:21:24 AM  [Apache] 	You need to uninstall/disable/reconfigure the blocking application
9:21:24 AM  [Apache] 	or reconfigure Apache and the Control Panel to listen on a different port
9:21:24 AM  [Apache] 	Attempting to start Apache app...
9:21:25 AM  [Apache] 	Status change detected: running
5:12:33 PM  [Apache] 	Attempting to stop Apache (PID: 5452)
5:12:33 PM  [Apache] 	Attempting to stop Apache (PID: 10416)
5:12:34 PM  [Apache] 	Status change detected: stopped
5:12:38 PM  [Apache] 	Problem detected!
5:12:38 PM  [Apache] 	Port 80 in use by "Unable to open process" with PID 4!
5:12:38 PM  [Apache] 	Apache WILL NOT start without the configured ports free!
5:12:38 PM  [Apache] 	You need to uninstall/disable/reconfigure the blocking application
5:12:38 PM  [Apache] 	or reconfigure Apache and the Control Panel to listen on a different port
5:12:38 PM  [Apache] 	Attempting to start Apache app...
5:12:39 PM  [Apache] 	Status change detected: running
5:27:06 PM  [Apache] 	Attempting to stop Apache (PID: 12752)
5:27:06 PM  [Apache] 	Attempting to stop Apache (PID: 15896)
5:27:06 PM  [Apache] 	Status change detected: stopped
5:27:09 PM  [Apache] 	Problem detected!
5:27:09 PM  [Apache] 	Port 80 in use by "Unable to open process" with PID 4!
5:27:09 PM  [Apache] 	Apache WILL NOT start without the configured ports free!
5:27:09 PM  [Apache] 	You need to uninstall/disable/reconfigure the blocking application
5:27:09 PM  [Apache] 	or reconfigure Apache and the Control Panel to listen on a different port
5:27:09 PM  [Apache] 	Attempting to start Apache app...
5:27:09 PM  [Apache] 	Status change detected: running
6:01:22 PM  [Apache] 	Attempting to stop Apache (PID: 13948)
6:01:22 PM  [Apache] 	Attempting to stop Apache (PID: 5072)
6:01:22 PM  [Apache] 	Status change detected: stopped
6:02:38 PM  [Apache] 	Problem detected!
6:02:38 PM  [Apache] 	Port 80 in use by "Unable to open process" with PID 4!
6:02:38 PM  [Apache] 	Apache WILL NOT start without the configured ports free!
6:02:38 PM  [Apache] 	You need to uninstall/disable/reconfigure the blocking application
6:02:38 PM  [Apache] 	or reconfigure Apache and the Control Panel to listen on a different port
6:02:38 PM  [Apache] 	Attempting to start Apache app...
6:02:38 PM  [Apache] 	Status change detected: running
6:04:14 PM  [Apache] 	Attempting to stop Apache (PID: 3212)
6:04:14 PM  [Apache] 	Attempting to stop Apache (PID: 11956)
6:04:14 PM  [Apache] 	Status change detected: stopped
6:04:17 PM  [main] 	Deinitializing Modules
6:04:17 PM  [main] 	Deinitializing Control Panel

9:12:14 AM  [main] 	Initializing Control Panel
9:12:14 AM  [main] 	Windows Version:  Enterprise  64-bit
9:12:14 AM  [main] 	XAMPP Version: 5.6.36
9:12:14 AM  [main] 	Control Panel Version: 3.2.2  [ Compiled: Nov 12th 2015 ]
9:12:14 AM  [main] 	You are not running with administrator rights! This will work for
9:12:14 AM  [main] 	most application stuff but whenever you do something with services
9:12:14 AM  [main] 	there will be a security dialogue or things will break! So think 
9:12:14 AM  [main] 	about running this application with administrator rights!
9:12:14 AM  [main] 	XAMPP Installation Directory: "c:\xampp\"
9:12:14 AM  [main] 	Checking for prerequisites
9:12:19 AM  [main] 	All prerequisites found
9:12:19 AM  [main] 	Initializing Modules
9:12:19 AM  [Apache] 	Problem detected!
9:12:19 AM  [Apache] 	Port 80 in use by "Unable to open process" with PID 4!
9:12:19 AM  [Apache] 	Apache WILL NOT start without the configured ports free!
9:12:19 AM  [Apache] 	You need to uninstall/disable/reconfigure the blocking application
9:12:19 AM  [Apache] 	or reconfigure Apache and the Control Panel to listen on a different port
9:12:19 AM  [main] 	The FileZilla module is disabled
9:12:19 AM  [main] 	The Mercury module is disabled
9:12:19 AM  [main] 	The Tomcat module is disabled
9:12:19 AM  [main] 	Starting Check-Timer
9:12:19 AM  [main] 	Control Panel Ready
9:12:39 AM  [Apache] 	Problem detected!
9:12:39 AM  [Apache] 	Port 80 in use by "Unable to open process" with PID 4!
9:12:39 AM  [Apache] 	Apache WILL NOT start without the configured ports free!
9:12:39 AM  [Apache] 	You need to uninstall/disable/reconfigure the blocking application
9:12:39 AM  [Apache] 	or reconfigure Apache and the Control Panel to listen on a different port
9:12:39 AM  [Apache] 	Attempting to start Apache app...
9:12:39 AM  [Apache] 	Status change detected: running
5:53:42 PM  [Apache] 	Attempting to stop Apache (PID: 13840)
5:53:42 PM  [Apache] 	Attempting to stop Apache (PID: 4916)
5:53:42 PM  [Apache] 	Status change detected: stopped
5:58:02 PM  [main] 	Deinitializing Modules
5:58:02 PM  [main] 	Deinitializing Control Panel

11:48:42 AM  [main] 	Initializing Control Panel
11:48:42 AM  [main] 	Windows Version:  Enterprise  64-bit
11:48:42 AM  [main] 	XAMPP Version: 5.6.36
11:48:42 AM  [main] 	Control Panel Version: 3.2.2  [ Compiled: Nov 12th 2015 ]
11:48:42 AM  [main] 	You are not running with administrator rights! This will work for
11:48:42 AM  [main] 	most application stuff but whenever you do something with services
11:48:42 AM  [main] 	there will be a security dialogue or things will break! So think 
11:48:42 AM  [main] 	about running this application with administrator rights!
11:48:42 AM  [main] 	XAMPP Installation Directory: "c:\xampp\"
11:48:42 AM  [main] 	Checking for prerequisites
11:49:23 AM  [main] 	All prerequisites found
11:49:23 AM  [main] 	Initializing Modules
11:49:23 AM  [Apache] 	Problem detected!
11:49:23 AM  [Apache] 	Port 80 in use by "Unable to open process" with PID 4!
11:49:23 AM  [Apache] 	Apache WILL NOT start without the configured ports free!
11:49:23 AM  [Apache] 	You need to uninstall/disable/reconfigure the blocking application
11:49:23 AM  [Apache] 	or reconfigure Apache and the Control Panel to listen on a different port
11:49:23 AM  [main] 	The FileZilla module is disabled
11:49:23 AM  [main] 	The Mercury module is disabled
11:49:23 AM  [main] 	The Tomcat module is disabled
11:49:23 AM  [main] 	Starting Check-Timer
11:49:23 AM  [main] 	Control Panel Ready
11:49:34 AM  [Apache] 	Problem detected!
11:49:34 AM  [Apache] 	Port 80 in use by "Unable to open process" with PID 4!
11:49:34 AM  [Apache] 	Apache WILL NOT start without the configured ports free!
11:49:34 AM  [Apache] 	You need to uninstall/disable/reconfigure the blocking application
11:49:34 AM  [Apache] 	or reconfigure Apache and the Control Panel to listen on a different port
11:49:34 AM  [Apache] 	Attempting to start Apache app...
11:49:34 AM  [Apache] 	Status change detected: running
5:36:23 PM  [Apache] 	Attempting to stop Apache (PID: 7928)
5:36:23 PM  [Apache] 	Attempting to stop Apache (PID: 3256)
5:36:23 PM  [Apache] 	Status change detected: stopped
6:00:55 PM  [main] 	Deinitializing Modules
6:00:55 PM  [main] 	Deinitializing Control Panel

